<?xml version="1.0" encoding="UTF-8"?>
<!-- Generated by org.testng.reporters.JUnitReportReporter -->
<testsuite hostname="LAPTOP-20485NC4" name="com.runner.TestRunner" tests="1" failures="0" timestamp="17 Oct 2021 14:09:15 GMT" time="262.775" errors="0">
  <testcase name="feature" time="262.775" classname="com.runner.TestRunner"/>
</testsuite> <!-- com.runner.TestRunner -->
