<?xml version="1.0" encoding="UTF-8"?>
<!-- Generated by org.testng.reporters.JUnitReportReporter -->
<testsuite hostname="LAPTOP-20485NC4" name="com.runner.TestRunner" tests="1" failures="0" timestamp="17 Oct 2021 19:03:46 GMT" time="79.896" errors="0">
  <testcase name="feature" time="79.896" classname="com.runner.TestRunner"/>
</testsuite> <!-- com.runner.TestRunner -->
