<?xml version="1.0" encoding="UTF-8"?>
<!-- Generated by org.testng.reporters.JUnitReportReporter -->
<testsuite hostname="LAPTOP-20485NC4" name="com.runner.TestRunner" tests="1" failures="0" timestamp="18 Oct 2021 08:29:13 GMT" time="48.417" errors="0">
  <testcase name="feature" time="48.417" classname="com.runner.TestRunner"/>
</testsuite> <!-- com.runner.TestRunner -->
